<?xml version="1.0" encoding="utf-8" standalone="no"?>
<test-results xmlns:xsi="http://www.w3.org/2001/XMLSchema-instance" xsi:noNamespaceSchemaLocation="nunit_schema_2.5.xsd" name="Pester" total="14" errors="0" failures="14" not-run="0" inconclusive="0" ignored="0" skipped="0" invalid="0" date="2025-05-13" time="16:16:46">
  <environment clr-version="Unknown" user-domain="2D" machine-name="5CG3032D8Y" nunit-version="2.5.8.0" platform="Microsoft Windows 11 Enterprise|C:\windows|\Device\Harddisk0\Partition3" os-version="10.0.22621" cwd="C:\Users\steeves.saillant\source\mtl-github-copilot-demo" user="steeves.saillant" />
  <culture-info current-culture="en-CA" current-uiculture="en-US" />
  <test-suite type="TestFixture" name="Pester" executed="True" result="Failure" success="False" time="0.0733" asserts="0" description="Pester">
    <results>
      <test-suite type="TestFixture" name="C:\Users\steeves.saillant\source\mtl-github-copilot-demo\tests\StorageSimulatorTests.ps1" executed="True" result="Failure" success="False" time="0.0733" asserts="0" description="C:\Users\steeves.saillant\source\mtl-github-copilot-demo\tests\StorageSimulatorTests.ps1">
        <results>
          <test-suite type="TestFixture" name="Storage Account Tests with Local Simulator" executed="True" result="Failure" success="False" time="0.0269" asserts="0" description="Storage Account Tests with Local Simulator">
            <results>
              <test-suite type="TestFixture" name="Storage Account Tests with Local Simulator.Storage Account 1 Tests" executed="True" result="Failure" success="False" time="0" asserts="0" description="Storage Account Tests with Local Simulator.Storage Account 1 Tests">
                <results>
                  <test-case description="Should exist" name="Storage Account Tests with Local Simulator.Storage Account 1 Tests.Should exist" time="0" asserts="0" success="False" result="Failure" executed="True">
                    <failure>
                      <message>This test should run but it did not. Most likely a setup in some parent block failed.</message>
                      <stack-trace />
                    </failure>
                  </test-case>
                  <test-case description="Should be in East US region" name="Storage Account Tests with Local Simulator.Storage Account 1 Tests.Should be in East US region" time="0" asserts="0" success="False" result="Failure" executed="True">
                    <failure>
                      <message>This test should run but it did not. Most likely a setup in some parent block failed.</message>
                      <stack-trace />
                    </failure>
                  </test-case>
                  <test-case description="Should be using Standard_LRS SKU" name="Storage Account Tests with Local Simulator.Storage Account 1 Tests.Should be using Standard_LRS SKU" time="0" asserts="0" success="False" result="Failure" executed="True">
                    <failure>
                      <message>This test should run but it did not. Most likely a setup in some parent block failed.</message>
                      <stack-trace />
                    </failure>
                  </test-case>
                  <test-case description="Should be StorageV2 kind" name="Storage Account Tests with Local Simulator.Storage Account 1 Tests.Should be StorageV2 kind" time="0" asserts="0" success="False" result="Failure" executed="True">
                    <failure>
                      <message>This test should run but it did not. Most likely a setup in some parent block failed.</message>
                      <stack-trace />
                    </failure>
                  </test-case>
                  <test-case description="Should have HTTPS traffic only enabled" name="Storage Account Tests with Local Simulator.Storage Account 1 Tests.Should have HTTPS traffic only enabled" time="0" asserts="0" success="False" result="Failure" executed="True">
                    <failure>
                      <message>This test should run but it did not. Most likely a setup in some parent block failed.</message>
                      <stack-trace />
                    </failure>
                  </test-case>
                  <test-case description="Should have minimum TLS version 1.2" name="Storage Account Tests with Local Simulator.Storage Account 1 Tests.Should have minimum TLS version 1.2" time="0" asserts="0" success="False" result="Failure" executed="True">
                    <failure>
                      <message>This test should run but it did not. Most likely a setup in some parent block failed.</message>
                      <stack-trace />
                    </failure>
                  </test-case>
                  <test-case description="Should have blob public access disabled" name="Storage Account Tests with Local Simulator.Storage Account 1 Tests.Should have blob public access disabled" time="0" asserts="0" success="False" result="Failure" executed="True">
                    <failure>
                      <message>This test should run but it did not. Most likely a setup in some parent block failed.</message>
                      <stack-trace />
                    </failure>
                  </test-case>
                </results>
              </test-suite>
              <test-suite type="TestFixture" name="Storage Account Tests with Local Simulator.Storage Account 2 Tests" executed="True" result="Failure" success="False" time="0" asserts="0" description="Storage Account Tests with Local Simulator.Storage Account 2 Tests">
                <results>
                  <test-case description="Should exist" name="Storage Account Tests with Local Simulator.Storage Account 2 Tests.Should exist" time="0" asserts="0" success="False" result="Failure" executed="True">
                    <failure>
                      <message>This test should run but it did not. Most likely a setup in some parent block failed.</message>
                      <stack-trace />
                    </failure>
                  </test-case>
                  <test-case description="Should be in Canada East region" name="Storage Account Tests with Local Simulator.Storage Account 2 Tests.Should be in Canada East region" time="0" asserts="0" success="False" result="Failure" executed="True">
                    <failure>
                      <message>This test should run but it did not. Most likely a setup in some parent block failed.</message>
                      <stack-trace />
                    </failure>
                  </test-case>
                  <test-case description="Should be using Standard_LRS SKU" name="Storage Account Tests with Local Simulator.Storage Account 2 Tests.Should be using Standard_LRS SKU" time="0" asserts="0" success="False" result="Failure" executed="True">
                    <failure>
                      <message>This test should run but it did not. Most likely a setup in some parent block failed.</message>
                      <stack-trace />
                    </failure>
                  </test-case>
                  <test-case description="Should be StorageV2 kind" name="Storage Account Tests with Local Simulator.Storage Account 2 Tests.Should be StorageV2 kind" time="0" asserts="0" success="False" result="Failure" executed="True">
                    <failure>
                      <message>This test should run but it did not. Most likely a setup in some parent block failed.</message>
                      <stack-trace />
                    </failure>
                  </test-case>
                  <test-case description="Should have HTTPS traffic only enabled" name="Storage Account Tests with Local Simulator.Storage Account 2 Tests.Should have HTTPS traffic only enabled" time="0" asserts="0" success="False" result="Failure" executed="True">
                    <failure>
                      <message>This test should run but it did not. Most likely a setup in some parent block failed.</message>
                      <stack-trace />
                    </failure>
                  </test-case>
                  <test-case description="Should have minimum TLS version 1.2" name="Storage Account Tests with Local Simulator.Storage Account 2 Tests.Should have minimum TLS version 1.2" time="0" asserts="0" success="False" result="Failure" executed="True">
                    <failure>
                      <message>This test should run but it did not. Most likely a setup in some parent block failed.</message>
                      <stack-trace />
                    </failure>
                  </test-case>
                  <test-case description="Should have blob public access disabled" name="Storage Account Tests with Local Simulator.Storage Account 2 Tests.Should have blob public access disabled" time="0" asserts="0" success="False" result="Failure" executed="True">
                    <failure>
                      <message>This test should run but it did not. Most likely a setup in some parent block failed.</message>
                      <stack-trace />
                    </failure>
                  </test-case>
                </results>
              </test-suite>
            </results>
          </test-suite>
        </results>
      </test-suite>
    </results>
  </test-suite>
</test-results>